<?xml version="1.0" encoding="UTF-8"?>
<!-- Generated by org.testng.reporters.JUnitXMLReporter -->
<testsuite ignored="2" hostname="LTIN422098" failures="0" tests="5" name="Car Loan" time="0.083" errors="0" timestamp="2025-02-26T17:36:36 IST">
  <testcase classname="rahulShettyAcademy_TestNG.day3" name="MobileLogincarLoan" time="0.008"/>
  <testcase classname="rahulShettyAcademy_TestNG.day3" name="MobilesignoutcarLoan" time="0.003"/>
  <testcase classname="rahulShettyAcademy_TestNG.day3" name="MobilesignoutcarLoan" time="0.001"/>
  <testcase classname="rahulShettyAcademy_TestNG.day3" name="MobilesignoutcarLoan" time="0.001"/>
  <testcase classname="rahulShettyAcademy_TestNG.day3" name="WebloginCarLoan" time="0.002"/>
  <testcase classname="rahulShettyAcademy_TestNG.day3" name="APIcarLoan" time="0.0">
    <ignored/>
  </testcase> <!-- APIcarLoan -->
  <testcase classname="rahulShettyAcademy_TestNG.day3" name="MobilesignimcarLoan" time="0.0">
    <ignored/>
  </testcase> <!-- MobilesignimcarLoan -->
</testsuite> <!-- Car Loan -->
