<?xml version="1.0" encoding="UTF-8"?>
<testng-results ignored="0" total="6" passed="4" failed="1" skipped="1">
  <reporter-output>
  </reporter-output>
  <suite started-at="2025-03-04T16:31:26 IST" name="Default suite" finished-at="2025-03-04T16:31:26 IST" duration-ms="92">
    <groups>
      <group name="Smoke">
        <method signature="day3.MobileLogincarLoan()[pri:0, instance:rahulShettyAcademy_TestNG.day3@6ed3ccb2]" name="MobileLogincarLoan" class="rahulShettyAcademy_TestNG.day3"/>
      </group> <!-- Smoke -->
    </groups>
    <test started-at="2025-03-04T16:31:26 IST" name="Default test" finished-at="2025-03-04T16:31:26 IST" duration-ms="92">
      <class name="rahulShettyAcademy_TestNG.day3">
        <test-method is-config="true" signature="Bfsuite()[pri:0, instance:rahulShettyAcademy_TestNG.day3@6ed3ccb2]" started-at="2025-03-04T16:31:26 IST" name="Bfsuite" finished-at="2025-03-04T16:31:26 IST" duration-ms="11" status="PASS">
          <reporter-output>
          </reporter-output>
        </test-method> <!-- Bfsuite -->
        <test-method is-config="true" signature="befoclas()[pri:0, instance:rahulShettyAcademy_TestNG.day3@6ed3ccb2]" started-at="2025-03-04T16:31:26 IST" name="befoclas" finished-at="2025-03-04T16:31:26 IST" duration-ms="1" status="PASS">
          <reporter-output>
          </reporter-output>
        </test-method> <!-- befoclas -->
        <test-method is-config="true" signature="beforeevery()[pri:0, instance:rahulShettyAcademy_TestNG.day3@6ed3ccb2]" started-at="2025-03-04T16:31:26 IST" name="beforeevery" finished-at="2025-03-04T16:31:26 IST" duration-ms="1" status="PASS">
          <reporter-output>
          </reporter-output>
        </test-method> <!-- beforeevery -->
        <test-method signature="MobileLogincarLoan()[pri:0, instance:rahulShettyAcademy_TestNG.day3@6ed3ccb2]" started-at="2025-03-04T16:31:26 IST" name="MobileLogincarLoan" finished-at="2025-03-04T16:31:26 IST" duration-ms="7" status="PASS">
          <reporter-output>
          </reporter-output>
        </test-method> <!-- MobileLogincarLoan -->
        <test-method is-config="true" signature="afterevery()[pri:0, instance:rahulShettyAcademy_TestNG.day3@6ed3ccb2]" started-at="2025-03-04T16:31:26 IST" name="afterevery" finished-at="2025-03-04T16:31:26 IST" duration-ms="0" status="PASS">
          <reporter-output>
          </reporter-output>
        </test-method> <!-- afterevery -->
        <test-method is-config="true" signature="beforeevery()[pri:0, instance:rahulShettyAcademy_TestNG.day3@6ed3ccb2]" started-at="2025-03-04T16:31:26 IST" name="beforeevery" finished-at="2025-03-04T16:31:26 IST" duration-ms="0" status="PASS">
          <reporter-output>
          </reporter-output>
        </test-method> <!-- beforeevery -->
        <test-method signature="MobilesignoutcarLoan(java.lang.String,java.lang.String)[pri:0, instance:rahulShettyAcademy_TestNG.day3@6ed3ccb2]" started-at="2025-03-04T16:31:26 IST" name="MobilesignoutcarLoan" data-provider="getData" finished-at="2025-03-04T16:31:26 IST" duration-ms="2" status="PASS">
          <params>
            <param index="0">
              <value>
                <![CDATA[firstsetusername]]>
              </value>
            </param>
            <param index="1">
              <value>
                <![CDATA[firstpassword]]>
              </value>
            </param>
          </params>
          <reporter-output>
          </reporter-output>
        </test-method> <!-- MobilesignoutcarLoan -->
        <test-method is-config="true" signature="afterevery()[pri:0, instance:rahulShettyAcademy_TestNG.day3@6ed3ccb2]" started-at="2025-03-04T16:31:26 IST" name="afterevery" finished-at="2025-03-04T16:31:26 IST" duration-ms="0" status="PASS">
          <reporter-output>
          </reporter-output>
        </test-method> <!-- afterevery -->
        <test-method signature="MobilesignoutcarLoan(java.lang.String,java.lang.String)[pri:0, instance:rahulShettyAcademy_TestNG.day3@6ed3ccb2]" started-at="2025-03-04T16:31:26 IST" name="MobilesignoutcarLoan" data-provider="getData" finished-at="2025-03-04T16:31:26 IST" duration-ms="2" status="PASS">
          <params>
            <param index="0">
              <value>
                <![CDATA[secondsetusername]]>
              </value>
            </param>
            <param index="1">
              <value>
                <![CDATA[secondpassword]]>
              </value>
            </param>
          </params>
          <reporter-output>
          </reporter-output>
        </test-method> <!-- MobilesignoutcarLoan -->
        <test-method is-config="true" signature="beforeevery()[pri:0, instance:rahulShettyAcademy_TestNG.day3@6ed3ccb2]" started-at="2025-03-04T16:31:26 IST" name="beforeevery" finished-at="2025-03-04T16:31:26 IST" duration-ms="0" status="PASS">
          <reporter-output>
          </reporter-output>
        </test-method> <!-- beforeevery -->
        <test-method is-config="true" signature="afterevery()[pri:0, instance:rahulShettyAcademy_TestNG.day3@6ed3ccb2]" started-at="2025-03-04T16:31:26 IST" name="afterevery" finished-at="2025-03-04T16:31:26 IST" duration-ms="1" status="PASS">
          <reporter-output>
          </reporter-output>
        </test-method> <!-- afterevery -->
        <test-method is-config="true" signature="beforeevery()[pri:0, instance:rahulShettyAcademy_TestNG.day3@6ed3ccb2]" started-at="2025-03-04T16:31:26 IST" name="beforeevery" finished-at="2025-03-04T16:31:26 IST" duration-ms="1" status="PASS">
          <reporter-output>
          </reporter-output>
        </test-method> <!-- beforeevery -->
        <test-method signature="MobilesignoutcarLoan(java.lang.String,java.lang.String)[pri:0, instance:rahulShettyAcademy_TestNG.day3@6ed3ccb2]" started-at="2025-03-04T16:31:26 IST" name="MobilesignoutcarLoan" data-provider="getData" finished-at="2025-03-04T16:31:26 IST" duration-ms="1" status="PASS">
          <params>
            <param index="0">
              <value>
                <![CDATA[thirdsetusername]]>
              </value>
            </param>
            <param index="1">
              <value>
                <![CDATA[thirdpassword]]>
              </value>
            </param>
          </params>
          <reporter-output>
          </reporter-output>
        </test-method> <!-- MobilesignoutcarLoan -->
        <test-method is-config="true" signature="afterevery()[pri:0, instance:rahulShettyAcademy_TestNG.day3@6ed3ccb2]" started-at="2025-03-04T16:31:26 IST" name="afterevery" finished-at="2025-03-04T16:31:26 IST" duration-ms="0" status="PASS">
          <reporter-output>
          </reporter-output>
        </test-method> <!-- afterevery -->
        <test-method signature="WebloginCarLoan(java.lang.String,java.lang.String)[pri:0, instance:rahulShettyAcademy_TestNG.day3@6ed3ccb2]" started-at="2025-03-04T16:31:26 IST" name="WebloginCarLoan" finished-at="2025-03-04T16:31:26 IST" duration-ms="0" status="FAIL">
          <exception class="org.testng.TestNGException">
            <message>
              <![CDATA[
Parameter 'URL' is required by @Test on method WebloginCarLoan but has not been marked @Optional or defined
in C:\Users\2164624\AppData\Local\Temp\testng-eclipse-869088579\testng-customsuite.xml]]>
            </message>
            <full-stacktrace>
              <![CDATA[org.testng.TestNGException: 
Parameter 'URL' is required by @Test on method WebloginCarLoan but has not been marked @Optional or defined
in C:\Users\2164624\AppData\Local\Temp\testng-eclipse-869088579\testng-customsuite.xml
at org.testng.internal.Parameters.createParams(Parameters.java:264)
at org.testng.internal.Parameters.createParametersForMethod(Parameters.java:352)
at org.testng.internal.Parameters.createParameters(Parameters.java:690)
at org.testng.internal.Parameters.handleParameters(Parameters.java:885)
at org.testng.internal.Parameters.handleParameters(Parameters.java:734)
at org.testng.internal.invokers.ParameterHandler.handleParameters(ParameterHandler.java:72)
at org.testng.internal.invokers.ParameterHandler.createParameters(ParameterHandler.java:51)
at org.testng.internal.invokers.TestInvoker$MethodInvocationAgent.invoke(TestInvoker.java:946)
at org.testng.internal.invokers.TestInvoker.invokeTestMethods(TestInvoker.java:203)
at org.testng.internal.invokers.TestMethodWorker.invokeTestMethods(TestMethodWorker.java:154)
at org.testng.internal.invokers.TestMethodWorker.run(TestMethodWorker.java:134)
at java.base/java.util.ArrayList.forEach(ArrayList.java:1596)
at org.testng.TestRunner.privateRun(TestRunner.java:739)
at org.testng.TestRunner.run(TestRunner.java:614)
at org.testng.SuiteRunner.runTest(SuiteRunner.java:421)
at org.testng.SuiteRunner.runSequentially(SuiteRunner.java:413)
at org.testng.SuiteRunner.privateRun(SuiteRunner.java:373)
at org.testng.SuiteRunner.run(SuiteRunner.java:312)
at org.testng.SuiteRunnerWorker.runSuite(SuiteRunnerWorker.java:52)
at org.testng.SuiteRunnerWorker.run(SuiteRunnerWorker.java:95)
at org.testng.TestNG.runSuitesSequentially(TestNG.java:1274)
at org.testng.TestNG.runSuitesLocally(TestNG.java:1208)
at org.testng.TestNG.runSuites(TestNG.java:1112)
at org.testng.TestNG.run(TestNG.java:1079)
at org.testng.remote.AbstractRemoteTestNG.run(AbstractRemoteTestNG.java:115)
at org.testng.remote.RemoteTestNG.initAndRun(RemoteTestNG.java:293)
at org.testng.remote.RemoteTestNG.main(RemoteTestNG.java:91)
]]>
            </full-stacktrace>
          </exception> <!-- org.testng.TestNGException -->
          <reporter-output>
          </reporter-output>
        </test-method> <!-- WebloginCarLoan -->
        <test-method signature="APIcarLoan()[pri:0, instance:rahulShettyAcademy_TestNG.day3@6ed3ccb2]" started-at="2025-03-04T16:31:26 IST" name="APIcarLoan" finished-at="2025-03-04T16:31:26 IST" depends-on-methods="rahulShettyAcademy_TestNG.day3.WebloginCarLoan, rahulShettyAcademy_TestNG.day3.MobilesignoutcarLoan" duration-ms="0" status="SKIP">
          <exception class="java.lang.Throwable">
            <message>
              <![CDATA[Method rahulShettyAcademy_TestNG.day3.APIcarLoan() on instance rahulShettyAcademy_TestNG.day3@6ed3ccb2 depends on not successfully finished methods 
[rahulShettyAcademy_TestNG.day3.WebloginCarLoan() on instance rahulShettyAcademy_TestNG.day3@6ed3ccb2
rahulShettyAcademy_TestNG.day3.MobilesignoutcarLoan() on instance rahulShettyAcademy_TestNG.day3@6ed3ccb2]]]>
            </message>
            <full-stacktrace>
              <![CDATA[java.lang.Throwable: Method rahulShettyAcademy_TestNG.day3.APIcarLoan() on instance rahulShettyAcademy_TestNG.day3@6ed3ccb2 depends on not successfully finished methods 
[rahulShettyAcademy_TestNG.day3.WebloginCarLoan() on instance rahulShettyAcademy_TestNG.day3@6ed3ccb2
rahulShettyAcademy_TestNG.day3.MobilesignoutcarLoan() on instance rahulShettyAcademy_TestNG.day3@6ed3ccb2]
at org.testng.internal.invokers.TestInvoker.invokeTestMethods(TestInvoker.java:159)
at org.testng.internal.invokers.TestMethodWorker.invokeTestMethods(TestMethodWorker.java:154)
at org.testng.internal.invokers.TestMethodWorker.run(TestMethodWorker.java:134)
at java.base/java.util.ArrayList.forEach(ArrayList.java:1596)
at org.testng.TestRunner.privateRun(TestRunner.java:739)
at org.testng.TestRunner.run(TestRunner.java:614)
at org.testng.SuiteRunner.runTest(SuiteRunner.java:421)
at org.testng.SuiteRunner.runSequentially(SuiteRunner.java:413)
at org.testng.SuiteRunner.privateRun(SuiteRunner.java:373)
at org.testng.SuiteRunner.run(SuiteRunner.java:312)
at org.testng.SuiteRunnerWorker.runSuite(SuiteRunnerWorker.java:52)
at org.testng.SuiteRunnerWorker.run(SuiteRunnerWorker.java:95)
at org.testng.TestNG.runSuitesSequentially(TestNG.java:1274)
at org.testng.TestNG.runSuitesLocally(TestNG.java:1208)
at org.testng.TestNG.runSuites(TestNG.java:1112)
at org.testng.TestNG.run(TestNG.java:1079)
at org.testng.remote.AbstractRemoteTestNG.run(AbstractRemoteTestNG.java:115)
at org.testng.remote.RemoteTestNG.initAndRun(RemoteTestNG.java:293)
at org.testng.remote.RemoteTestNG.main(RemoteTestNG.java:91)
]]>
            </full-stacktrace>
          </exception> <!-- java.lang.Throwable -->
          <reporter-output>
          </reporter-output>
        </test-method> <!-- APIcarLoan -->
        <test-method is-config="true" signature="afteclas()[pri:0, instance:rahulShettyAcademy_TestNG.day3@6ed3ccb2]" started-at="2025-03-04T16:31:26 IST" name="afteclas" finished-at="2025-03-04T16:31:26 IST" duration-ms="0" status="PASS">
          <reporter-output>
          </reporter-output>
        </test-method> <!-- afteclas -->
      </class> <!-- rahulShettyAcademy_TestNG.day3 -->
    </test> <!-- Default test -->
  </suite> <!-- Default suite -->
</testng-results>
