<?xml version="1.0" encoding="UTF-8"?>
<!-- Generated by org.testng.reporters.JUnitXMLReporter -->
<testsuite ignored="3" hostname="LTIN422098" failures="0" tests="1" name="Test" time="12.024" errors="0" timestamp="2026-04-16T19:50:55 IST">
  <testcase classname="TandD_HandsOn.HandsonTwo" name="yearWiseEMI" time="8.036"/>
  <testcase classname="TandD_HandsOn.HandsonTwo" name="rediff" time="0.0">
    <ignored/>
  </testcase> <!-- rediff -->
  <testcase classname="TandD_HandsOn.HandsonTwo" name="emiCalculator" time="0.0">
    <ignored/>
  </testcase> <!-- emiCalculator -->
  <testcase classname="TandD_HandsOn.HandsonTwo" name="guruDemo99" time="0.0">
    <ignored/>
  </testcase> <!-- guruDemo99 -->
</testsuite> <!-- Test -->
