<?xml version="1.0" encoding="UTF-8"?>
<!-- Generated by org.testng.reporters.JUnitReportReporter -->
<testsuite hostname="LTIN422098" failures="0" tests="4" name="TandD_HandsOn.HandsonTwo" time="8.036" errors="0" timestamp="2026-04-16T19:50:55 IST" skipped="3">
  <testcase classname="TandD_HandsOn.HandsonTwo" name="yearWiseEMI" time="8.036"/>
  <testcase classname="TandD_HandsOn.HandsonTwo" name="rediff">
    <skipped/>
  </testcase> <!-- rediff -->
  <testcase classname="TandD_HandsOn.HandsonTwo" name="emiCalculator">
    <skipped/>
  </testcase> <!-- emiCalculator -->
  <testcase classname="TandD_HandsOn.HandsonTwo" name="guruDemo99">
    <skipped/>
  </testcase> <!-- guruDemo99 -->
</testsuite> <!-- TandD_HandsOn.HandsonTwo -->
